<?xml version="1.0" encoding="UTF-8"?>
<!-- Generated by org.testng.reporters.JUnitReportReporter -->
<testsuite hostname="LAPTOP-IU6O74V4" failures="0" tests="3" name="org.testCases.TestScript" time="35.085" errors="0" timestamp="07 Nov 2022 05:35:17 GMT" skipped="0">
  <testcase classname="org.testCases.TestScript" name="test1" time="32.244"/>
  <testcase classname="org.testCases.TestScript" name="test3" time="1.715"/>
  <testcase classname="org.testCases.TestScript" name="test2" time="1.126"/>
</testsuite> <!-- org.testCases.TestScript -->
